INFO:root:Streaming Soccer Related Tweets

DEBUG:urllib3.connectionpool:Starting new HTTPS connection (1): stream.twitter.com
DEBUG:urllib3.connectionpool:https://stream.twitter.com:443 "POST /1.1/statuses/filter.json?delimited=length HTTP/1.1" 200 None
INFO:root:rogbennettDaniel James. Scoring on Premier League debut in massive game with first shot on goal is a feat millions of us have… https://t.co/nJzMVPIODv

INFO:root:kirancmoodleyHistoric!

INFO:root:PrideOLondonAnything notable happen 11 days after that? 🧐 #CFC

INFO:root:rileybreckLet's see how the two Premier League teams I follow did this week ... 

West Ham (L) 5-0
Chelsea (L) 4-0 https://t.co/MLFmLJ4e6l

INFO:root:90min_FootballThe top six in the Premier League all get off to a flyer...

But Chelsea fall hard at the start line! 🏃🏻‍♂️🤦‍♂️ https://t.co/17o9SS4gzc

INFO:root:TheSportsmanBet🔴 A dream start for Ole Gunnar Solskjaer and Manchester United...

They're 25/1 to win the Premier League

Odds sub… https://t.co/T8LxlbUuFK

INFO:root:JansonSilversRT @ChelseaFCinUSA: Now making his Premier League debut in Blue: @cpulisic_10 🇺🇸 https://t.co/6k2c5MkB1V

INFO:root:OptaJoe2000 - Chelsea will end a day in the Premier League relegation zone for the first time since September 30th 2000. Unfamiliar. #MUNCHE

INFO:root:IndyFootballFIVE THINGS WE LEARNED | Manchester United thrash Chelsea 4-0 at Old Trafford 

https://t.co/rSSFzKOoz6

INFO:root:GMS__Football⚽ Rashford (2), Martial and James with the goals
⭐ Wan-Bissaka looks a superstar in the making
👏 Maguire didn't put… https://t.co/xjBHQoGFVe

INFO:root:FootballFactlyFrank Lampard is the first Chelsea manager to lose his first Premier League match in charge of the club since Avram… https://t.co/GhWC1Z7aQ3

INFO:root:DExpress_SportMan Utd beating Chelsea shows Solskjaer was right on three things #MUFC #CFC #MUNCHE
https://t.co/czZMSZouvG

INFO:root:PassionFootClubPremier League🇬🇧

TERMINÉ !!

MAN. UNITED 4️⃣-0️⃣ CHELSEA
▶️ Manchester United demarre fort. https://t.co/NJakjA5fVO

INFO:root:LiamCorcoran28Yikes.

INFO:root:kirancmoodleyRT @OptaJoe: 2000 - Chelsea will end a day in the Premier League relegation zone for the first time since September 30th 2000. Unfamiliar.…

INFO:root:LALATE⚽️ #LALATE ⚽️ LIVE
#ManchesterUnited vs #Chelsea
LIVE ▶️▶️  https://t.co/kkXnO7OhjV
"Manchester United""Chelsea"… https://t.co/3Ll4OQQJae

INFO:root:BroadcastMooseTop of the Premier League https://t.co/Kslg5OhBto

INFO:root:SoccerByIvesFINAL- Manchester United 4, Chelsea 0. Not a memorable debut for Christian Pulisic, but it’s just his first Premier… https://t.co/hGJO1cMMem

INFO:root:unitedarmyfcFT: United 4-0 Chelsea. 

Perfect opener after frustating transfer window. The good news is our attacking forces ca… https://t.co/4lTusugzN4

INFO:root:Fichajes_futbolEl United golea al Chelsea en Old Trafford https://t.co/u9OiRD2Bd2

INFO:root:MenInBlazersRT @rogbennett: Daniel James. Scoring on Premier League debut in massive game with first shot on goal is a feat millions of us have dreamed…

INFO:root:VBET_comPremier League: Debutant James scores Man Utd's fourth against Chelsea.😎✌️

Full-Time 4-0 ⚽️ https://t.co/G7Qez0wKZN

INFO:root:TotallyMUFCFull Time: #mufc 4 - 0 #cfc 

A fantastic win to start our premier league campaign. 

Best part for me was watching… https://t.co/G3Rja6M7NS

INFO:root:DExpress_SportMan Utd beating Chelsea shows Solskjaer got three things right #MUFC #CFC #MUNCHE | @JackOtwayJourno
https://t.co/czZMSZouvG

INFO:root:Squawka1965: Man Utd 4-0 Chelsea (league)
1994: Man Utd 4-0 Chelsea (FA Cup)
2019: Man Utd 4-0 Chelsea (league)

It doesn'… https://t.co/layyj5usXg

INFO:root:comradesiphoRT @OptaJoe: 2000 - Chelsea will end a day in the Premier League relegation zone for the first time since September 30th 2000. Unfamiliar.…

INFO:root:africanewsAubameyang strike earns Arsenal full points in Premier League https://t.co/CbDk9l4sFP

INFO:root:btsportscoreRashford and Martial score ✔️
Clean sheet for AWB and Maguire ✔️
Daniel James scores from the bench ✔️

Man Utd got… https://t.co/zhdDJsVMuG

INFO:root:btsportfootballRT @btsportscore: Rashford and Martial score ✔️
Clean sheet for AWB and Maguire ✔️
Daniel James scores from the bench ✔️

Man Utd got off t…

INFO:root:Soccer_Laduma.@ManUtd opened their Premier League campaign in fine style after thrashing Frank Lampard's @ChelseaFC 4-0 at Old T… https://t.co/36wU6RvX6U

INFO:root:dearbinodLau, how fast :D

INFO:root:ash_smith12RT @CuetoLuke: Know your place 👍🏾🔵 https://t.co/Tnl54F9jUM

INFO:root:SuperSportTV#PL - RESULT:

Manchester Utd 4-0 Chelsea

It’s a dream start for Manchester United as they got their Premier Leagu… https://t.co/Hw3s4bZYNj

INFO:root:GrosvenorSportTough day for Lampard as Chelsea lose their first Premier League match under their new manager 4-0. ❌

Signs of thi… https://t.co/LdJvXILGdu

INFO:root:Mr_Jimbob@barinho33 As a podcast this year mate... https://t.co/hOZZzpsyf4

INFO:root:ArsenalFC_flJose Mourinho was full of praise for Arsenal's business in the transfer market

https://t.co/22M3GEZEND

INFO:root:GoalNewsPlenty of positives for Ndombele and Tottenham 💪

https://t.co/Ayy6WuV04Y

INFO:root:NBCSportsSoccer🇺🇸🤔🔵 Christian Pulisic watch: How did #USMNT star perform on his Premier League debut for Chelsea at Man United?… https://t.co/Bx5hM7xcKO

INFO:root:shaunwalker7RT @maxseddon: This company bought exclusive rights to the Premier League in Russia, but its streaming app doesn't actually work, so instea…

INFO:root:ycohen84RT @Squawka: 1965: Man Utd 4-0 Chelsea (league)
1994: Man Utd 4-0 Chelsea (FA Cup)
2019: Man Utd 4-0 Chelsea (league)

It doesn't happen of…

INFO:root:ByKellyCohenRT @btsportscore: Rashford and Martial score ✔️
Clean sheet for AWB and Maguire ✔️
Daniel James scores from the bench ✔️

Man Utd got off t…

INFO:root:samcunninghamIn case you are still keen to read 1,900 words on why Frank Lampard is going to take this Chelsea job in his stride… https://t.co/XSLxVTJGyW

INFO:root:FOXSportsAsia#LampardOut! 😱

@ChelseaFC haven't had the greatest start...

#MUNCHE
https://t.co/MV5PWfzyDl

INFO:root:beINSPORTS@ManUtd @ChelseaFC @MarcusRashford @Daniel_James_97 What a start to the season for @ManUtd 👏

#PL #beINPL #MUNCHE 
https://t.co/JTvN8v5bY9

INFO:root:LivEchoLFCDoes he have a point? 🤔 https://t.co/iq9pTxAiZk

INFO:root:ChelseaFCinUSA"Super jacked for the Premier League to start next week." 
@MichaelRyanRuiz's post-game thoughts 💭

INFO:root:JamieMoore777RT @GaryLineker: Stunning pass from @paulpogba, beautiful finish by @MarcusRashford and I suspect Solskjaer is no longer favourite to be th…

INFO:root:RacingPostSport⚽ PL Team of the Week ⚽

Here's our Premier League team of the week for the opening set of fixtures!

No Ashley Bar… https://t.co/jvDK2p1sK9

INFO:root:JPW_NBCSports🇺🇸🤔🔵 Christian Pulisic watch: How did #USMNT star perform on his Premier League debut for Chelsea at Man United?… https://t.co/WpTsQd5jng

INFO:root:JackOtwayJournoRT @DExpress_Sport: Man Utd beating Chelsea shows Solskjaer got three things right #MUFC #CFC #MUNCHE | @JackOtwayJourno
https://t.co/czZMS…

INFO:root:ChelseaFCinUSA"Super jacked for the Premier League to start next week."

@MichaelRyanRuiz's post-game thoughts 👇 https://t.co/Xl0j3WNMuY

INFO:root:BetVictorAn absolute demolition!

Welcome to the Premier League Frank...

#MUNCHE

INFO:root:RobinAdamsZART @BrentFisher69: What an explosive start to the new Premier League Season and what an honour it is to welcome the Legendary TV Sports Pre…

INFO:root:indiacom#MUNCHE #RedDevils A night to remember for @ManUtd ... 🔥🔥🔥 @ChelseaFC #MarcusRashford 
https://t.co/iHKeSeVltm

INFO:root:kevjeffriesRT @OptaJoe: 2 - Arsenal have named two English teenagers (Joe Willock and Reiss Nelson) in their starting XI for a Premier League game for…

INFO:root:SkyBetHelp@theone2b1 Good afternoon Harry, thanks for getting in touch. 

This is not something we're able to offer, we can o… https://t.co/682USPn55A

INFO:root:James_SmailesCongratulations to Dan James on scoring on his Premier League and Man Utd debut, brilliant to see.
Chance for a tim… https://t.co/JX4ezWKh2V

INFO:root:TheSportsman👏 Daniel James scoring on his Premier League debut for Manchester United at Old Trafford.

You can see how much it… https://t.co/pVZ1ZuXTrA

INFO:root:hullliveRT @James_Smailes: Congratulations to Dan James on scoring on his Premier League and Man Utd debut, brilliant to see.
Chance for a timely r…

INFO:root:NBCSportsSoccer🚨 We are LIVE at Old Trafford! Send us your Premier League questions for @JPW_NBCSports... NOW  https://t.co/86rWLoz1xc

INFO:root:LALATE⚽️ #LALATE ⚽️ #BREAKINGNEWS
#ManchesterUnited vs #Chelsea 4-0 FINAL!
LIVE ▶️▶️  https://t.co/kkXnO85Sbt
"Manchester… https://t.co/OoBOhyYbHd

INFO:root:OptaJoe18 – Paul Pogba has been directly involved in 18 Premier League goals since Ole Gunnar Solskjær took charge of Manc… https://t.co/Jym2XYl658

INFO:root:KickOffMagazine.@ManUtd opened their Premier League campaign with a 4-0 hammering of @ChelseaFC at Old Trafford on Sunday. #KickOff https://t.co/n1MRKnsCQ9

INFO:root:MichaelRyanRuizRT @ChelseaFCinUSA: "Super jacked for the Premier League to start next week."

@MichaelRyanRuiz's post-game thoughts 👇 https://t.co/Xl0j3WN…

INFO:root:BelTelRT @BelTel_Sport: Marcus Rashford double helps Manchester United crush Chelsea
https://t.co/WuRzhnSEJQ https://t.co/xhuajqfMic

INFO:root:CFCnewsReport: Man United 4 Chelsea 0 - Chelsea fell to defeat on the opening weekend of the Premier League as Manchester… https://t.co/jhgNnHm2TH

INFO:root:FCYahooChristian Pulisic's Premier League debut was one to forget as #MUFC routed Chelsea at Old Trafford.… https://t.co/4Gpi4wcPdu

INFO:root:YahooSportsRT @FCYahoo: Christian Pulisic's Premier League debut was one to forget as #MUFC routed Chelsea at Old Trafford.

@ByDougMcIntyre ➡️ https:…

INFO:root:Haddad_HussamWith their starting XI “against Chelsea” averaging an age of 24 years and 227 days, Manchester United's team is the… https://t.co/qZLDDUArAt

INFO:root:ByDougMcIntyreRT @FCYahoo: Christian Pulisic's Premier League debut was one to forget as #MUFC routed Chelsea at Old Trafford.

@ByDougMcIntyre ➡️ https:…

INFO:root:BusinessDayNg@AnthonyNlebem takes a closer look at Premier League’s summer transfer spending 
https://t.co/cIV6iTnDQ5

INFO:root:CanalFootClub🏴󠁧󠁢󠁥󠁮󠁧󠁿 #EPL
Newcastle 0⃣-1⃣ Arsenal

Leicester 0⃣-0⃣ Wolverhampton 

Manchester United 4⃣-0⃣ Chelsea

Toutes les i… https://t.co/FqEgdZSt9Q

INFO:root:CBSSportsSoccerThree takeaways from @RGonzalezCBS as Manchester United destroys Chelsea in Pulisic's Premier League debut
https://t.co/lbJNENVBV3

INFO:root:RGonzalezCBSRT @CBSSportsSoccer: Three takeaways from @RGonzalezCBS as Manchester United destroys Chelsea in Pulisic's Premier League debut
https://t.c…

INFO:root:CFCnewsSKYUtd thrash Chelsea on Lampard's debut Manchester United inflicted the harshest of lessons on Frank Lampard in his f… https://t.co/W6bUP8EAe1

INFO:root:KloppholicRT @Kloppholic: 55 goals in 75 Premier League games.🇪🇬👑 https://t.co/tUmBxnJzSI

INFO:root:888sportLiverpool ✅
Manchester City ✅
Tottenham ✅
Arsenal ✅
Manchester United ✅

The Premier League big boys are off to a f… https://t.co/2YK4SggitZ

INFO:root:BBCSportThat was Manchester United's biggest Old Trafford win over Chelsea since 1965. A miserable start as a Premier Leagu… https://t.co/8YAXaY1Fxx

INFO:root:BBCMOTDRT @BBCSport: That was Manchester United's biggest Old Trafford win over Chelsea since 1965. A miserable start as a Premier League manager…

INFO:root:RodneyMarsh10&gt;Knee jerk?

INFO:root:TarukaSrivastavRT @BBCSport: That was Manchester United's biggest Old Trafford win over Chelsea since 1965. A miserable start as a Premier League manager…

INFO:root:CNNnews18As a result, Royal Sports Club no longer holds the right to operate a team to compete in this year's CPL, which wil… https://t.co/gXK6xicDXw

INFO:root:marathonbetNow the transfer window has slammed shut...

How did your team's business rate?

https://t.co/N9lWBXThAG

INFO:root:dzimmernewsManchester United had the youngest starting XI in the Premier League this weekend. Didn't look like noobs to me

INFO:root:samcunninghamRT @iPaperSport: Chelsea analysis: #CFC shocking in defence but fun going forward on tough day for Frank Lampard | @samcunningham

https://…

INFO:root:Chelsea_HQFrank Lampard's Premier League debut as #Chelsea manager could hardly have been much worse. https://t.co/B6hNtERY9p

INFO:root:nrarmourRT @OptaJoe: 2000 - Chelsea will end a day in the Premier League relegation zone for the first time since September 30th 2000. Unfamiliar.…

INFO:root:LALATE⚽️ #LALATE ⚽️ #BREAKINGNEWS
#NewcastleUnited vs #Arsenal 0-1 FINAL!
LIVE ▶️▶️  https://t.co/oNSl4uDM1M
"Newcastle U… https://t.co/84AYkSahiI

INFO:root:AustinKKimThe production value of these Premier League broadcasts here in the U.S. is so impressive. Nice to see an American… https://t.co/7dZgIG1UYu

INFO:root:LALATE⚽️ #LALATE ⚽️ #BREAKINGNEWS
#ManchesterUnited vs #Chelsea 4-0 FINAL!
LIVE ▶️▶️  https://t.co/kkXnO85Sbt
"Manchester… https://t.co/FNI1tMAhEG

INFO:root:OptaJoe7-1 - This was Frank Lampard heaviest defeat in the Premier League since he featured for the full 90 minutes in Wes… https://t.co/R5V1iYviIq

INFO:root:paulgibbinsI see the manager who outfoxed the genius Bielsa lost his first match in the premier league 4-0

INFO:root:The2RobbiesNBCRT @SkySportsPL: FT Manchester United 4-0 Chelsea

Rashford grabbed a double, James scored on his #MUFC debut and Martial also found the ne…

INFO:root:bungdanRT @Okwonga: Great assist from The Virus...I thought that's what he was?🧐 https://t.co/5t38HVU3q6

INFO:root:BetVictorAnother winner to start the new season

INFO:root:TUDNUSAManchester United golea al Chelsea ⚽️💥

https://t.co/XvAYmS6tMs

INFO:root:mohammedali_93RT @maxseddon: This company bought exclusive rights to the Premier League in Russia, but its streaming app doesn't actually work, so instea…

INFO:root:darrenmccullinsRT @OptaJoe: 24y 227d - The average age of Manchester United's starting XI against Chelsea is 24 years and 227 days; the youngest of any te…

INFO:root:LALATE⚽️ #LALATE  ⚽️ LIVE!
#EPLTable #PremierLeague Results Today !
LIVE ▶️▶️  https://t.co/aWeuIUfevI
#EPLTable #PremierLeague "Premier League"
c

INFO:root:mohammedali_93RT @OptaJoe: 2000 - Chelsea will end a day in the Premier League relegation zone for the first time since September 30th 2000. Unfamiliar.…

INFO:root:JPW_NBCSportsRT @NBCSportsSoccer: 🚨 We are LIVE at Old Trafford! Send us your Premier League questions for @JPW_NBCSports... NOW  https://t.co/86rWLoz1xc

